<?xml version="1.0" encoding="UTF-8" ?>
<testsuite tests="1" failures="0" name="suites.TestSuite" time="173.689" errors="1" skipped="0">
  <properties>
[...]
</properties>
  <testcase classname="tests.MyListTests" name="testSaveFirstArticleToMyLists" time="173.689">
    <error message="Timed out after 15 seconds: Saved article still present with article title Dracula in popular culture

Build info: version: &apos;2.53.1&apos;, revision: &apos;a36b8b1cd5757287168e54b817830adce9b0158d&apos;, time: &apos;2016-06-30 19:26:09&apos;
System info: host: &apos;192.168.0.11&apos;, ip: &apos;192.168.0.11&apos;, os.name: &apos;Mac OS X&apos;, os.arch: &apos;x86_64&apos;, os.version: &apos;10.14.4&apos;, java.version: &apos;1.8.0_211&apos;
Driver info: io.appium.java_client.ios.IOSDriver
Capabilities [{app=/Users/vladimir/Documents/GitHub/vlad_brukh_lesson2/apks/Wikipedia.app, networkConnectionEnabled=false, databaseEnabled=false, deviceName=iPhone 6, platform=MAC, platformVersion=11.0, webStorageEnabled=false, locationContextEnabled=false, browserName=, takesScreenshot=true, javascriptEnabled=true, platformName=iOS, udid=E7B96ED1-40EE-4B7A-AFAD-C8ED47FDE20B}]
Session ID: 15e2b9bd-8621-4746-9d61-90dc75f6b406" type="org.openqa.selenium.TimeoutException">org.openqa.selenium.TimeoutException: Timed out after 15 seconds: Saved article still present with article title Dracula in popular culture

Build info: version: &apos;2.53.1&apos;, revision: &apos;a36b8b1cd5757287168e54b817830adce9b0158d&apos;, time: &apos;2016-06-30 19:26:09&apos;
System info: host: &apos;192.168.0.11&apos;, ip: &apos;192.168.0.11&apos;, os.name: &apos;Mac OS X&apos;, os.arch: &apos;x86_64&apos;, os.version: &apos;10.14.4&apos;, java.version: &apos;1.8.0_211&apos;
Driver info: io.appium.java_client.ios.IOSDriver
Capabilities [{app=/Users/vladimir/Documents/GitHub/vlad_brukh_lesson2/apks/Wikipedia.app, networkConnectionEnabled=false, databaseEnabled=false, deviceName=iPhone 6, platform=MAC, platformVersion=11.0, webStorageEnabled=false, locationContextEnabled=false, browserName=, takesScreenshot=true, javascriptEnabled=true, platformName=iOS, udid=E7B96ED1-40EE-4B7A-AFAD-C8ED47FDE20B}]
Session ID: 15e2b9bd-8621-4746-9d61-90dc75f6b406
	at org.openqa.selenium.support.ui.WebDriverWait.timeoutException(WebDriverWait.java:80)
	at org.openqa.selenium.support.ui.FluentWait.until(FluentWait.java:261)
	at lib.ui.MainPageObject.waitForElementNotPresent(MainPageObject.java:49)
	at lib.ui.MyListsPageObject.waitForArticleToDisappearByTitle(MyListsPageObject.java:55)
	at lib.ui.MyListsPageObject.swipeArticleToDelete(MyListsPageObject.java:72)
	at tests.MyListTests.testSaveFirstArticleToMyLists(MyListTests.java:47)
	at sun.reflect.NativeMethodAccessorImpl.invoke0(Native Method)
	at sun.reflect.NativeMethodAccessorImpl.invoke(NativeMethodAccessorImpl.java:62)
	at sun.reflect.DelegatingMethodAccessorImpl.invoke(DelegatingMethodAccessorImpl.java:43)
	at java.lang.reflect.Method.invoke(Method.java:498)
	at junit.framework.TestCase.runTest(TestCase.java:176)
	at junit.framework.TestCase.runBare(TestCase.java:141)
	at junit.framework.TestResult$1.protect(TestResult.java:122)
	at junit.framework.TestResult.runProtected(TestResult.java:142)
	at junit.framework.TestResult.run(TestResult.java:125)
	at junit.framework.TestCase.run(TestCase.java:129)
	at junit.framework.TestSuite.runTest(TestSuite.java:252)
	at junit.framework.TestSuite.run(TestSuite.java:247)
	at org.junit.internal.runners.JUnit38ClassRunner.run(JUnit38ClassRunner.java:86)
	at org.junit.runners.Suite.runChild(Suite.java:128)
	at org.junit.runners.Suite.runChild(Suite.java:27)
	at org.junit.runners.ParentRunner$3.run(ParentRunner.java:290)
	at org.junit.runners.ParentRunner$1.schedule(ParentRunner.java:71)
	at org.junit.runners.ParentRunner.runChildren(ParentRunner.java:288)
	at org.junit.runners.ParentRunner.access$000(ParentRunner.java:58)
	at org.junit.runners.ParentRunner$2.evaluate(ParentRunner.java:268)
	at org.junit.runners.ParentRunner.run(ParentRunner.java:363)
	at org.apache.maven.surefire.junit4.JUnit4Provider.execute(JUnit4Provider.java:252)
	at org.apache.maven.surefire.junit4.JUnit4Provider.executeTestSet(JUnit4Provider.java:141)
	at org.apache.maven.surefire.junit4.JUnit4Provider.invoke(JUnit4Provider.java:112)
	at sun.reflect.NativeMethodAccessorImpl.invoke0(Native Method)
	at sun.reflect.NativeMethodAccessorImpl.invoke(NativeMethodAccessorImpl.java:62)
	at sun.reflect.DelegatingMethodAccessorImpl.invoke(DelegatingMethodAccessorImpl.java:43)
	at java.lang.reflect.Method.invoke(Method.java:498)
	at org.apache.maven.surefire.util.ReflectionUtils.invokeMethodWithArray(ReflectionUtils.java:189)
	at org.apache.maven.surefire.booter.ProviderFactory$ProviderProxy.invoke(ProviderFactory.java:165)
	at org.apache.maven.surefire.booter.ProviderFactory.invokeProvider(ProviderFactory.java:85)
	at org.apache.maven.surefire.booter.ForkedBooter.runSuitesInProcess(ForkedBooter.java:115)
	at org.apache.maven.surefire.booter.ForkedBooter.main(ForkedBooter.java:75)
</error>
  </testcase>
</testsuite>